{"C:\\Users\\medei\\OneDrive\\Desktop\\Prim-rdios-dos-Prim-rdios-4\\src\\main.ts": {"path":"C:\\Users\\medei\\OneDrive\\Desktop\\Prim-rdios-dos-Prim-rdios-4\\src\\main.ts","statementMap":{"0":{"start":{"line":11,"column":0},"end":{"line":11,"column":16}},"1":{"start":{"line":15,"column":0},"end":{"line":15,"column":22}},"2":{"start":{"line":43,"column":0},"end":{"line":43,"column":22}},"3":{"start":{"line":63,"column":0},"end":{"line":63,"column":22}},"4":{"start":{"line":84,"column":0},"end":{"line":84,"column":16}},"5":{"start":{"line":192,"column":0},"end":{"line":192,"column":22}},"6":{"start":{"line":226,"column":0},"end":{"line":226,"column":22}},"7":{"start":{"line":264,"column":0},"end":{"line":264,"column":22}},"8":{"start":{"line":2,"column":0},"end":{"line":10,"column":3}},"9":{"start":{"line":3,"column":2},"end":{"line":3,"column":26}},"10":{"start":{"line":4,"column":2},"end":{"line":4,"column":22}},"11":{"start":{"line":5,"column":2},"end":{"line":5,"column":20}},"12":{"start":{"line":6,"column":2},"end":{"line":6,"column":18}},"13":{"start":{"line":7,"column":2},"end":{"line":7,"column":31}},"14":{"start":{"line":8,"column":2},"end":{"line":8,"column":26}},"15":{"start":{"line":9,"column":2},"end":{"line":9,"column":33}},"16":{"start":{"line":12,"column":17},"end":{"line":12,"column":34}},"17":{"start":{"line":13,"column":4},"end":{"line":13,"column":65}},"18":{"start":{"line":16,"column":4},"end":{"line":40,"column":5}},"19":{"start":{"line":17,"column":25},"end":{"line":17,"column":74}},"20":{"start":{"line":18,"column":8},"end":{"line":18,"column":72}},"21":{"start":{"line":18,"column":26},"end":{"line":18,"column":72}},"22":{"start":{"line":20,"column":58},"end":{"line":20,"column":79}},"23":{"start":{"line":22,"column":31},"end":{"line":22,"column":95}},"24":{"start":{"line":23,"column":33},"end":{"line":23,"column":99}},"25":{"start":{"line":25,"column":8},"end":{"line":27,"column":9}},"26":{"start":{"line":26,"column":12},"end":{"line":26,"column":75}},"27":{"start":{"line":29,"column":8},"end":{"line":29,"column":84}},"28":{"start":{"line":30,"column":8},"end":{"line":30,"column":86}},"29":{"start":{"line":32,"column":8},"end":{"line":37,"column":11}},"30":{"start":{"line":33,"column":28},"end":{"line":33,"column":66}},"31":{"start":{"line":34,"column":28},"end":{"line":34,"column":66}},"32":{"start":{"line":35,"column":12},"end":{"line":35,"column":40}},"33":{"start":{"line":36,"column":12},"end":{"line":36,"column":42}},"34":{"start":{"line":39,"column":8},"end":{"line":39,"column":60}},"35":{"start":{"line":44,"column":4},"end":{"line":61,"column":5}},"36":{"start":{"line":45,"column":25},"end":{"line":45,"column":73}},"37":{"start":{"line":46,"column":8},"end":{"line":46,"column":70}},"38":{"start":{"line":46,"column":26},"end":{"line":46,"column":70}},"39":{"start":{"line":48,"column":56},"end":{"line":48,"column":77}},"40":{"start":{"line":50,"column":29},"end":{"line":50,"column":91}},"41":{"start":{"line":51,"column":8},"end":{"line":51,"column":89}},"42":{"start":{"line":51,"column":27},"end":{"line":51,"column":89}},"43":{"start":{"line":53,"column":8},"end":{"line":53,"column":80}},"44":{"start":{"line":55,"column":8},"end":{"line":58,"column":11}},"45":{"start":{"line":56,"column":27},"end":{"line":56,"column":61}},"46":{"start":{"line":57,"column":12},"end":{"line":57,"column":37}},"47":{"start":{"line":60,"column":8},"end":{"line":60,"column":58}},"48":{"start":{"line":64,"column":4},"end":{"line":81,"column":5}},"49":{"start":{"line":65,"column":25},"end":{"line":65,"column":71}},"50":{"start":{"line":66,"column":8},"end":{"line":66,"column":68}},"51":{"start":{"line":66,"column":26},"end":{"line":66,"column":68}},"52":{"start":{"line":68,"column":61},"end":{"line":68,"column":82}},"53":{"start":{"line":70,"column":27},"end":{"line":70,"column":87}},"54":{"start":{"line":71,"column":8},"end":{"line":71,"column":85}},"55":{"start":{"line":71,"column":25},"end":{"line":71,"column":85}},"56":{"start":{"line":73,"column":8},"end":{"line":73,"column":76}},"57":{"start":{"line":75,"column":8},"end":{"line":78,"column":11}},"58":{"start":{"line":76,"column":27},"end":{"line":76,"column":64}},"59":{"start":{"line":77,"column":12},"end":{"line":77,"column":35}},"60":{"start":{"line":80,"column":8},"end":{"line":80,"column":56}},"61":{"start":{"line":85,"column":25},"end":{"line":85,"column":83}},"62":{"start":{"line":86,"column":4},"end":{"line":108,"column":7}},"63":{"start":{"line":86,"column":60},"end":{"line":108,"column":6}},"64":{"start":{"line":87,"column":8},"end":{"line":87,"column":31}},"65":{"start":{"line":89,"column":22},"end":{"line":89,"column":88}},"66":{"start":{"line":90,"column":23},"end":{"line":90,"column":90}},"67":{"start":{"line":91,"column":26},"end":{"line":91,"column":96}},"68":{"start":{"line":93,"column":8},"end":{"line":107,"column":9}},"69":{"start":{"line":94,"column":29},"end":{"line":98,"column":14}},"70":{"start":{"line":100,"column":12},"end":{"line":100,"column":76}},"71":{"start":{"line":100,"column":30},"end":{"line":100,"column":76}},"72":{"start":{"line":102,"column":12},"end":{"line":102,"column":33}},"73":{"start":{"line":103,"column":12},"end":{"line":103,"column":38}},"74":{"start":{"line":104,"column":12},"end":{"line":104,"column":60}},"75":{"start":{"line":106,"column":12},"end":{"line":106,"column":64}},"76":{"start":{"line":110,"column":25},"end":{"line":110,"column":83}},"77":{"start":{"line":111,"column":4},"end":{"line":163,"column":7}},"78":{"start":{"line":111,"column":60},"end":{"line":163,"column":6}},"79":{"start":{"line":112,"column":8},"end":{"line":112,"column":31}},"80":{"start":{"line":114,"column":31},"end":{"line":114,"column":95}},"81":{"start":{"line":115,"column":30},"end":{"line":115,"column":87}},"82":{"start":{"line":117,"column":29},"end":{"line":117,"column":91}},"83":{"start":{"line":118,"column":28},"end":{"line":118,"column":81}},"84":{"start":{"line":120,"column":27},"end":{"line":120,"column":87}},"85":{"start":{"line":121,"column":33},"end":{"line":121,"column":82}},"86":{"start":{"line":123,"column":22},"end":{"line":123,"column":88}},"87":{"start":{"line":124,"column":25},"end":{"line":124,"column":94}},"88":{"start":{"line":126,"column":21},"end":{"line":126,"column":59}},"89":{"start":{"line":127,"column":8},"end":{"line":130,"column":9}},"90":{"start":{"line":128,"column":12},"end":{"line":128,"column":76}},"91":{"start":{"line":129,"column":12},"end":{"line":129,"column":19}},"92":{"start":{"line":132,"column":8},"end":{"line":162,"column":9}},"93":{"start":{"line":133,"column":38},"end":{"line":133,"column":88}},"94":{"start":{"line":134,"column":12},"end":{"line":134,"column":85}},"95":{"start":{"line":134,"column":39},"end":{"line":134,"column":85}},"96":{"start":{"line":135,"column":93},"end":{"line":135,"column":123}},"97":{"start":{"line":137,"column":29},"end":{"line":140,"column":null}},"98":{"start":{"line":138,"column":30},"end":{"line":140,"column":58}},"99":{"start":{"line":143,"column":12},"end":{"line":146,"column":13}},"100":{"start":{"line":144,"column":16},"end":{"line":144,"column":87}},"101":{"start":{"line":145,"column":16},"end":{"line":145,"column":23}},"102":{"start":{"line":148,"column":29},"end":{"line":152,"column":14}},"103":{"start":{"line":154,"column":12},"end":{"line":154,"column":76}},"104":{"start":{"line":154,"column":30},"end":{"line":154,"column":76}},"105":{"start":{"line":156,"column":12},"end":{"line":156,"column":33}},"106":{"start":{"line":157,"column":12},"end":{"line":157,"column":58}},"107":{"start":{"line":158,"column":12},"end":{"line":158,"column":41}},"108":{"start":{"line":159,"column":12},"end":{"line":159,"column":36}},"109":{"start":{"line":161,"column":12},"end":{"line":161,"column":62}},"110":{"start":{"line":165,"column":27},"end":{"line":165,"column":87}},"111":{"start":{"line":166,"column":4},"end":{"line":189,"column":7}},"112":{"start":{"line":166,"column":62},"end":{"line":189,"column":6}},"113":{"start":{"line":167,"column":8},"end":{"line":167,"column":31}},"114":{"start":{"line":169,"column":31},"end":{"line":169,"column":97}},"115":{"start":{"line":170,"column":30},"end":{"line":170,"column":87}},"116":{"start":{"line":172,"column":27},"end":{"line":172,"column":99}},"117":{"start":{"line":174,"column":8},"end":{"line":188,"column":9}},"118":{"start":{"line":175,"column":29},"end":{"line":179,"column":14}},"119":{"start":{"line":181,"column":12},"end":{"line":181,"column":78}},"120":{"start":{"line":181,"column":30},"end":{"line":181,"column":78}},"121":{"start":{"line":183,"column":12},"end":{"line":183,"column":35}},"122":{"start":{"line":184,"column":12},"end":{"line":184,"column":62}},"123":{"start":{"line":185,"column":12},"end":{"line":185,"column":43}},"124":{"start":{"line":187,"column":12},"end":{"line":187,"column":66}},"125":{"start":{"line":193,"column":4},"end":{"line":224,"column":5}},"126":{"start":{"line":194,"column":25},"end":{"line":194,"column":75}},"127":{"start":{"line":195,"column":8},"end":{"line":195,"column":82}},"128":{"start":{"line":195,"column":26},"end":{"line":195,"column":82}},"129":{"start":{"line":203,"column":14},"end":{"line":203,"column":35}},"130":{"start":{"line":205,"column":30},"end":{"line":205,"column":106}},"131":{"start":{"line":206,"column":8},"end":{"line":206,"column":94}},"132":{"start":{"line":206,"column":28},"end":{"line":206,"column":94}},"133":{"start":{"line":208,"column":8},"end":{"line":208,"column":37}},"134":{"start":{"line":210,"column":8},"end":{"line":221,"column":11}},"135":{"start":{"line":211,"column":24},"end":{"line":211,"column":52}},"136":{"start":{"line":212,"column":12},"end":{"line":219,"column":14}},"137":{"start":{"line":220,"column":12},"end":{"line":220,"column":43}},"138":{"start":{"line":223,"column":8},"end":{"line":223,"column":60}},"139":{"start":{"line":227,"column":4},"end":{"line":262,"column":5}},"140":{"start":{"line":228,"column":25},"end":{"line":228,"column":77}},"141":{"start":{"line":229,"column":8},"end":{"line":229,"column":74}},"142":{"start":{"line":229,"column":26},"end":{"line":229,"column":74}},"143":{"start":{"line":231,"column":76},"end":{"line":231,"column":97}},"144":{"start":{"line":233,"column":22},"end":{"line":233,"column":100}},"145":{"start":{"line":234,"column":8},"end":{"line":234,"column":88}},"146":{"start":{"line":234,"column":20},"end":{"line":234,"column":88}},"147":{"start":{"line":236,"column":8},"end":{"line":236,"column":29}},"148":{"start":{"line":238,"column":63},"end":{"line":238,"column":65}},"149":{"start":{"line":240,"column":8},"end":{"line":245,"column":11}},"150":{"start":{"line":241,"column":12},"end":{"line":243,"column":13}},"151":{"start":{"line":242,"column":16},"end":{"line":242,"column":68}},"152":{"start":{"line":244,"column":12},"end":{"line":244,"column":86}},"153":{"start":{"line":247,"column":8},"end":{"line":258,"column":11}},"154":{"start":{"line":248,"column":24},"end":{"line":248,"column":52}},"155":{"start":{"line":249,"column":12},"end":{"line":256,"column":14}},"156":{"start":{"line":253,"column":74},"end":{"line":253,"column":92}},"157":{"start":{"line":257,"column":12},"end":{"line":257,"column":35}},"158":{"start":{"line":261,"column":8},"end":{"line":261,"column":62}},"159":{"start":{"line":265,"column":4},"end":{"line":296,"column":5}},"160":{"start":{"line":266,"column":30},"end":{"line":266,"column":76}},"161":{"start":{"line":267,"column":8},"end":{"line":267,"column":73}},"162":{"start":{"line":267,"column":31},"end":{"line":267,"column":73}},"163":{"start":{"line":268,"column":61},"end":{"line":268,"column":87}},"164":{"start":{"line":270,"column":34},"end":{"line":270,"column":84}},"165":{"start":{"line":271,"column":8},"end":{"line":271,"column":81}},"166":{"start":{"line":271,"column":35},"end":{"line":271,"column":81}},"167":{"start":{"line":272,"column":89},"end":{"line":272,"column":119}},"168":{"start":{"line":274,"column":22},"end":{"line":274,"column":85}},"169":{"start":{"line":275,"column":8},"end":{"line":275,"column":82}},"170":{"start":{"line":275,"column":20},"end":{"line":275,"column":82}},"171":{"start":{"line":277,"column":8},"end":{"line":277,"column":29}},"172":{"start":{"line":279,"column":8},"end":{"line":292,"column":11}},"173":{"start":{"line":280,"column":34},"end":{"line":280,"column":96}},"174":{"start":{"line":280,"column":56},"end":{"line":280,"column":95}},"175":{"start":{"line":281,"column":12},"end":{"line":291,"column":15}},"176":{"start":{"line":282,"column":28},"end":{"line":282,"column":56}},"177":{"start":{"line":283,"column":16},"end":{"line":289,"column":18}},"178":{"start":{"line":290,"column":16},"end":{"line":290,"column":39}},"179":{"start":{"line":295,"column":8},"end":{"line":295,"column":68}}},"fnMap":{"0":{"name":"(anonymous_7)","decl":{"start":{"line":2,"column":46},"end":{"line":2,"column":49}},"loc":{"start":{"line":2,"column":51},"end":{"line":10,"column":1}}},"1":{"name":"formatarData","decl":{"start":{"line":11,"column":16},"end":{"line":11,"column":28}},"loc":{"start":{"line":11,"column":44},"end":{"line":14,"column":1}}},"2":{"name":"carregarPacientes","decl":{"start":{"line":15,"column":22},"end":{"line":15,"column":39}},"loc":{"start":{"line":15,"column":39},"end":{"line":41,"column":null}}},"3":{"name":"(anonymous_11)","decl":{"start":{"line":32,"column":26},"end":{"line":32,"column":27}},"loc":{"start":{"line":32,"column":39},"end":{"line":37,"column":9}}},"4":{"name":"carregarMedicos","decl":{"start":{"line":43,"column":22},"end":{"line":43,"column":37}},"loc":{"start":{"line":43,"column":37},"end":{"line":62,"column":null}}},"5":{"name":"(anonymous_14)","decl":{"start":{"line":55,"column":24},"end":{"line":55,"column":25}},"loc":{"start":{"line":55,"column":35},"end":{"line":58,"column":9}}},"6":{"name":"carregarSalas","decl":{"start":{"line":63,"column":22},"end":{"line":63,"column":35}},"loc":{"start":{"line":63,"column":35},"end":{"line":82,"column":null}}},"7":{"name":"(anonymous_17)","decl":{"start":{"line":75,"column":22},"end":{"line":75,"column":23}},"loc":{"start":{"line":75,"column":31},"end":{"line":78,"column":9}}},"8":{"name":"configurarFormularios","decl":{"start":{"line":84,"column":16},"end":{"line":84,"column":37}},"loc":{"start":{"line":84,"column":37},"end":{"line":190,"column":1}}},"9":{"name":"(anonymous_19)","decl":{"start":{"line":86,"column":44},"end":{"line":86,"column":51}},"loc":{"start":{"line":86,"column":60},"end":{"line":108,"column":6}}},"10":{"name":"(anonymous_20)","decl":{"start":{"line":86,"column":60},"end":{"line":86,"column":null}},"loc":{"start":{"line":86,"column":60},"end":{"line":108,"column":5}}},"11":{"name":"(anonymous_21)","decl":{"start":{"line":111,"column":44},"end":{"line":111,"column":51}},"loc":{"start":{"line":111,"column":60},"end":{"line":163,"column":6}}},"12":{"name":"(anonymous_22)","decl":{"start":{"line":111,"column":60},"end":{"line":111,"column":null}},"loc":{"start":{"line":111,"column":60},"end":{"line":163,"column":5}}},"13":{"name":"(anonymous_23)","decl":{"start":{"line":138,"column":16},"end":{"line":138,"column":17}},"loc":{"start":{"line":138,"column":30},"end":{"line":140,"column":58}}},"14":{"name":"(anonymous_24)","decl":{"start":{"line":166,"column":46},"end":{"line":166,"column":53}},"loc":{"start":{"line":166,"column":62},"end":{"line":189,"column":6}}},"15":{"name":"(anonymous_25)","decl":{"start":{"line":166,"column":62},"end":{"line":166,"column":null}},"loc":{"start":{"line":166,"column":62},"end":{"line":189,"column":5}}},"16":{"name":"carregarConsultasAgendadas","decl":{"start":{"line":192,"column":22},"end":{"line":192,"column":48}},"loc":{"start":{"line":192,"column":48},"end":{"line":225,"column":null}}},"17":{"name":"(anonymous_28)","decl":{"start":{"line":210,"column":26},"end":{"line":210,"column":27}},"loc":{"start":{"line":210,"column":46},"end":{"line":221,"column":9}}},"18":{"name":"carregarPacientesProntuarios","decl":{"start":{"line":226,"column":22},"end":{"line":226,"column":50}},"loc":{"start":{"line":226,"column":50},"end":{"line":263,"column":null}}},"19":{"name":"(anonymous_31)","decl":{"start":{"line":240,"column":28},"end":{"line":240,"column":29}},"loc":{"start":{"line":240,"column":43},"end":{"line":245,"column":9}}},"20":{"name":"(anonymous_32)","decl":{"start":{"line":247,"column":50},"end":{"line":247,"column":51}},"loc":{"start":{"line":247,"column":68},"end":{"line":258,"column":9}}},"21":{"name":"(anonymous_33)","decl":{"start":{"line":253,"column":66},"end":{"line":253,"column":70}},"loc":{"start":{"line":253,"column":74},"end":{"line":253,"column":92}}},"22":{"name":"carregarOcupacaoSalas","decl":{"start":{"line":264,"column":22},"end":{"line":264,"column":43}},"loc":{"start":{"line":264,"column":43},"end":{"line":297,"column":null}}},"23":{"name":"(anonymous_36)","decl":{"start":{"line":279,"column":22},"end":{"line":279,"column":23}},"loc":{"start":{"line":279,"column":31},"end":{"line":292,"column":9}}},"24":{"name":"(anonymous_37)","decl":{"start":{"line":280,"column":51},"end":{"line":280,"column":52}},"loc":{"start":{"line":280,"column":56},"end":{"line":280,"column":95}}},"25":{"name":"(anonymous_38)","decl":{"start":{"line":281,"column":34},"end":{"line":281,"column":35}},"loc":{"start":{"line":281,"column":47},"end":{"line":291,"column":13}}}},"branchMap":{"0":{"loc":{"start":{"line":18,"column":8},"end":{"line":18,"column":72}},"type":"if","locations":[{"start":{"line":18,"column":8},"end":{"line":18,"column":72}}]},"1":{"loc":{"start":{"line":25,"column":8},"end":{"line":27,"column":9}},"type":"if","locations":[{"start":{"line":25,"column":8},"end":{"line":27,"column":9}}]},"2":{"loc":{"start":{"line":25,"column":12},"end":{"line":25,"column":48}},"type":"binary-expr","locations":[{"start":{"line":25,"column":12},"end":{"line":25,"column":27}},{"start":{"line":25,"column":31},"end":{"line":25,"column":48}}]},"3":{"loc":{"start":{"line":46,"column":8},"end":{"line":46,"column":70}},"type":"if","locations":[{"start":{"line":46,"column":8},"end":{"line":46,"column":70}}]},"4":{"loc":{"start":{"line":51,"column":8},"end":{"line":51,"column":89}},"type":"if","locations":[{"start":{"line":51,"column":8},"end":{"line":51,"column":89}}]},"5":{"loc":{"start":{"line":66,"column":8},"end":{"line":66,"column":68}},"type":"if","locations":[{"start":{"line":66,"column":8},"end":{"line":66,"column":68}}]},"6":{"loc":{"start":{"line":71,"column":8},"end":{"line":71,"column":85}},"type":"if","locations":[{"start":{"line":71,"column":8},"end":{"line":71,"column":85}}]},"7":{"loc":{"start":{"line":100,"column":12},"end":{"line":100,"column":76}},"type":"if","locations":[{"start":{"line":100,"column":12},"end":{"line":100,"column":76}}]},"8":{"loc":{"start":{"line":127,"column":8},"end":{"line":130,"column":9}},"type":"if","locations":[{"start":{"line":127,"column":8},"end":{"line":130,"column":9}}]},"9":{"loc":{"start":{"line":134,"column":12},"end":{"line":134,"column":85}},"type":"if","locations":[{"start":{"line":134,"column":12},"end":{"line":134,"column":85}}]},"10":{"loc":{"start":{"line":138,"column":30},"end":{"line":140,"column":58}},"type":"binary-expr","locations":[{"start":{"line":138,"column":30},"end":{"line":138,"column":76}},{"start":{"line":139,"column":30},"end":{"line":139,"column":52}},{"start":{"line":140,"column":30},"end":{"line":140,"column":58}}]},"11":{"loc":{"start":{"line":143,"column":12},"end":{"line":146,"column":13}},"type":"if","locations":[{"start":{"line":143,"column":12},"end":{"line":146,"column":13}}]},"12":{"loc":{"start":{"line":154,"column":12},"end":{"line":154,"column":76}},"type":"if","locations":[{"start":{"line":154,"column":12},"end":{"line":154,"column":76}}]},"13":{"loc":{"start":{"line":181,"column":12},"end":{"line":181,"column":78}},"type":"if","locations":[{"start":{"line":181,"column":12},"end":{"line":181,"column":78}}]},"14":{"loc":{"start":{"line":195,"column":8},"end":{"line":195,"column":82}},"type":"if","locations":[{"start":{"line":195,"column":8},"end":{"line":195,"column":82}}]},"15":{"loc":{"start":{"line":206,"column":8},"end":{"line":206,"column":94}},"type":"if","locations":[{"start":{"line":206,"column":8},"end":{"line":206,"column":94}}]},"16":{"loc":{"start":{"line":229,"column":8},"end":{"line":229,"column":74}},"type":"if","locations":[{"start":{"line":229,"column":8},"end":{"line":229,"column":74}}]},"17":{"loc":{"start":{"line":234,"column":8},"end":{"line":234,"column":88}},"type":"if","locations":[{"start":{"line":234,"column":8},"end":{"line":234,"column":88}}]},"18":{"loc":{"start":{"line":241,"column":12},"end":{"line":243,"column":13}},"type":"if","locations":[{"start":{"line":241,"column":12},"end":{"line":243,"column":13}}]},"19":{"loc":{"start":{"line":267,"column":8},"end":{"line":267,"column":73}},"type":"if","locations":[{"start":{"line":267,"column":8},"end":{"line":267,"column":73}}]},"20":{"loc":{"start":{"line":271,"column":8},"end":{"line":271,"column":81}},"type":"if","locations":[{"start":{"line":271,"column":8},"end":{"line":271,"column":81}}]},"21":{"loc":{"start":{"line":275,"column":8},"end":{"line":275,"column":82}},"type":"if","locations":[{"start":{"line":275,"column":8},"end":{"line":275,"column":82}}]}},"s":{"0":1,"1":1,"2":1,"3":1,"4":1,"5":1,"6":1,"7":1,"8":1,"9":0,"10":0,"11":0,"12":0,"13":0,"14":0,"15":0,"16":3,"17":3,"18":1,"19":1,"20":1,"21":0,"22":1,"23":1,"24":1,"25":1,"26":0,"27":1,"28":1,"29":1,"30":2,"31":2,"32":2,"33":2,"34":0,"35":1,"36":1,"37":1,"38":0,"39":1,"40":1,"41":1,"42":0,"43":1,"44":1,"45":1,"46":1,"47":0,"48":1,"49":1,"50":1,"51":0,"52":1,"53":1,"54":1,"55":0,"56":1,"57":1,"58":1,"59":1,"60":0,"61":0,"62":0,"63":0,"64":0,"65":0,"66":0,"67":0,"68":0,"69":0,"70":0,"71":0,"72":0,"73":0,"74":0,"75":0,"76":0,"77":0,"78":0,"79":0,"80":0,"81":0,"82":0,"83":0,"84":0,"85":0,"86":0,"87":0,"88":0,"89":0,"90":0,"91":0,"92":0,"93":0,"94":0,"95":0,"96":0,"97":0,"98":0,"99":0,"100":0,"101":0,"102":0,"103":0,"104":0,"105":0,"106":0,"107":0,"108":0,"109":0,"110":0,"111":0,"112":0,"113":0,"114":0,"115":0,"116":0,"117":0,"118":0,"119":0,"120":0,"121":0,"122":0,"123":0,"124":0,"125":1,"126":1,"127":1,"128":0,"129":1,"130":1,"131":1,"132":0,"133":1,"134":1,"135":1,"136":1,"137":1,"138":0,"139":1,"140":1,"141":1,"142":0,"143":1,"144":1,"145":1,"146":0,"147":1,"148":1,"149":1,"150":1,"151":1,"152":1,"153":1,"154":1,"155":1,"156":1,"157":1,"158":0,"159":1,"160":1,"161":1,"162":0,"163":1,"164":1,"165":1,"166":0,"167":1,"168":1,"169":1,"170":0,"171":1,"172":1,"173":1,"174":1,"175":1,"176":1,"177":1,"178":1,"179":0},"f":{"0":0,"1":3,"2":1,"3":2,"4":1,"5":1,"6":1,"7":1,"8":0,"9":0,"10":0,"11":0,"12":0,"13":0,"14":0,"15":0,"16":1,"17":1,"18":1,"19":1,"20":1,"21":1,"22":1,"23":1,"24":1,"25":1},"b":{"0":[0],"1":[0],"2":[1,1],"3":[0],"4":[0],"5":[0],"6":[0],"7":[0],"8":[0],"9":[0],"10":[0,0,0],"11":[0],"12":[0],"13":[0],"14":[0],"15":[0],"16":[0],"17":[0],"18":[1],"19":[0],"20":[0],"21":[0]}}
}
