TN:
SF:src\main.ts
FN:2,(anonymous_7)
FN:11,formatarData
FN:15,carregarPacientes
FN:32,(anonymous_11)
FN:43,carregarMedicos
FN:55,(anonymous_14)
FN:63,carregarSalas
FN:75,(anonymous_17)
FN:84,configurarFormularios
FN:86,(anonymous_19)
FN:86,(anonymous_20)
FN:111,(anonymous_21)
FN:111,(anonymous_22)
FN:138,(anonymous_23)
FN:166,(anonymous_24)
FN:166,(anonymous_25)
FN:192,carregarConsultasAgendadas
FN:210,(anonymous_28)
FN:226,carregarPacientesProntuarios
FN:240,(anonymous_31)
FN:247,(anonymous_32)
FN:253,(anonymous_33)
FN:264,carregarOcupacaoSalas
FN:279,(anonymous_36)
FN:280,(anonymous_37)
FN:281,(anonymous_38)
FNF:26
FNH:17
FNDA:0,(anonymous_7)
FNDA:3,formatarData
FNDA:1,carregarPacientes
FNDA:2,(anonymous_11)
FNDA:1,carregarMedicos
FNDA:1,(anonymous_14)
FNDA:1,carregarSalas
FNDA:1,(anonymous_17)
FNDA:0,configurarFormularios
FNDA:0,(anonymous_19)
FNDA:0,(anonymous_20)
FNDA:0,(anonymous_21)
FNDA:0,(anonymous_22)
FNDA:0,(anonymous_23)
FNDA:0,(anonymous_24)
FNDA:0,(anonymous_25)
FNDA:1,carregarConsultasAgendadas
FNDA:1,(anonymous_28)
FNDA:1,carregarPacientesProntuarios
FNDA:1,(anonymous_31)
FNDA:1,(anonymous_32)
FNDA:1,(anonymous_33)
FNDA:1,carregarOcupacaoSalas
FNDA:1,(anonymous_36)
FNDA:1,(anonymous_37)
FNDA:1,(anonymous_38)
DA:2,1
DA:3,0
DA:4,0
DA:5,0
DA:6,0
DA:7,0
DA:8,0
DA:9,0
DA:11,1
DA:12,3
DA:13,3
DA:15,1
DA:16,1
DA:17,1
DA:18,1
DA:20,1
DA:22,1
DA:23,1
DA:25,1
DA:26,0
DA:29,1
DA:30,1
DA:32,1
DA:33,2
DA:34,2
DA:35,2
DA:36,2
DA:39,0
DA:43,1
DA:44,1
DA:45,1
DA:46,1
DA:48,1
DA:50,1
DA:51,1
DA:53,1
DA:55,1
DA:56,1
DA:57,1
DA:60,0
DA:63,1
DA:64,1
DA:65,1
DA:66,1
DA:68,1
DA:70,1
DA:71,1
DA:73,1
DA:75,1
DA:76,1
DA:77,1
DA:80,0
DA:84,1
DA:85,0
DA:86,0
DA:87,0
DA:89,0
DA:90,0
DA:91,0
DA:93,0
DA:94,0
DA:100,0
DA:102,0
DA:103,0
DA:104,0
DA:106,0
DA:110,0
DA:111,0
DA:112,0
DA:114,0
DA:115,0
DA:117,0
DA:118,0
DA:120,0
DA:121,0
DA:123,0
DA:124,0
DA:126,0
DA:127,0
DA:128,0
DA:129,0
DA:132,0
DA:133,0
DA:134,0
DA:135,0
DA:137,0
DA:138,0
DA:143,0
DA:144,0
DA:145,0
DA:148,0
DA:154,0
DA:156,0
DA:157,0
DA:158,0
DA:159,0
DA:161,0
DA:165,0
DA:166,0
DA:167,0
DA:169,0
DA:170,0
DA:172,0
DA:174,0
DA:175,0
DA:181,0
DA:183,0
DA:184,0
DA:185,0
DA:187,0
DA:192,1
DA:193,1
DA:194,1
DA:195,1
DA:203,1
DA:205,1
DA:206,1
DA:208,1
DA:210,1
DA:211,1
DA:212,1
DA:220,1
DA:223,0
DA:226,1
DA:227,1
DA:228,1
DA:229,1
DA:231,1
DA:233,1
DA:234,1
DA:236,1
DA:238,1
DA:240,1
DA:241,1
DA:242,1
DA:244,1
DA:247,1
DA:248,1
DA:249,1
DA:253,1
DA:257,1
DA:261,0
DA:264,1
DA:265,1
DA:266,1
DA:267,1
DA:268,1
DA:270,1
DA:271,1
DA:272,1
DA:274,1
DA:275,1
DA:277,1
DA:279,1
DA:280,1
DA:281,1
DA:282,1
DA:283,1
DA:290,1
DA:295,0
LF:160
LH:89
BRDA:18,0,0,0
BRDA:25,1,0,0
BRDA:25,2,0,1
BRDA:25,2,1,1
BRDA:46,3,0,0
BRDA:51,4,0,0
BRDA:66,5,0,0
BRDA:71,6,0,0
BRDA:100,7,0,0
BRDA:127,8,0,0
BRDA:134,9,0,0
BRDA:138,10,0,0
BRDA:138,10,1,0
BRDA:138,10,2,0
BRDA:143,11,0,0
BRDA:154,12,0,0
BRDA:181,13,0,0
BRDA:195,14,0,0
BRDA:206,15,0,0
BRDA:229,16,0,0
BRDA:234,17,0,0
BRDA:241,18,0,1
BRDA:267,19,0,0
BRDA:271,20,0,0
BRDA:275,21,0,0
BRF:25
BRH:3
end_of_record
